<component name="libraryTable">
  <library name="jUnit">
    <CLASSES>
      <root url="jar://$PROJECT_DIR$/lib/jUnit/junit-4.11.jar!/" />
      <root url="jar://$PROJECT_DIR$/lib/jUnit/hamcrest-core-1.3.jar!/" />
    </CLASSES>
    <JAVADOC />
    <SOURCES />
  </library>
</component>